
Showing logs for build [32mjstrachan-boot-helmfile-poc-pr-fhnv7-1[0m stage [32mpr-checks[0m and container [32mstep-credential-initializer-rvf2d[0m
{"level":"warn","ts":1580286577.6351855,"logger":"fallback-logger","caller":"logging/config.go:69","msg":"Fetch GitHub commit ID from kodata failed: \"ref: refs/heads/0.8.0-**-support-backwards-incompats\" is not a valid GitHub commit ID"}
{"level":"info","ts":1580286577.6358185,"logger":"fallback-logger","caller":"creds-init/main.go:40","msg":"Credentials initialized."}

Showing logs for build [32mjstrachan-boot-helmfile-poc-pr-fhnv7-1[0m stage [32mpr-checks[0m and container [32mstep-working-dir-initializer-945mr[0m
{"level":"warn","ts":1580286578.6218612,"logger":"fallback-logger","caller":"logging/config.go:69","msg":"Fetch GitHub commit ID from kodata failed: open /var/run/ko/HEAD: no such file or directory"}
{"level":"info","ts":1580286578.624007,"logger":"fallback-logger","caller":"bash/main.go:64","msg":"Successfully executed command \"sh -c mkdir -p /workspace/source\"; output "}

Showing logs for build [32mjstrachan-boot-helmfile-poc-pr-fhnv7-1[0m stage [32mpr-checks[0m and container [32mstep-place-tools[0m

Showing logs for build [32mjstrachan-boot-helmfile-poc-pr-fhnv7-1[0m stage [32mpr-checks[0m and container [32mstep-git-source-jstrachan-boot-helmfile-poc-pr-fhnv7-n8kzv[0m
{"level":"warn","ts":1580286583.770064,"logger":"fallback-logger","caller":"logging/config.go:69","msg":"Fetch GitHub commit ID from kodata failed: \"ref: refs/heads/0.8.0-**-support-backwards-incompats\" is not a valid GitHub commit ID"}
{"level":"info","ts":1580286584.8628411,"logger":"fallback-logger","caller":"git/git.go:103","msg":"Successfully cloned https://github.com/*********/boot-helmfile-poc.git @ master in path /workspace/source"}

Showing logs for build [32mjstrachan-boot-helmfile-poc-pr-fhnv7-1[0m stage [32mpr-checks[0m and container [32mstep-git-merge[0m
Using SHAs from PULL_REFS=master:7126ea0b3bb6d9ba56aa6921cbd8d17e80c096cb,2:8e2d91f516cfa7bdb67b1a2e73df3e9941facbf3
DEBUG: LC_ALL=C JX_LOG_LEVEL=error git fetch origin --unshallow 8e2d91f516cfa7bdb67b1a2e73df3e9941facbf3: 7126ea0b3bb6d9ba56aa6921cbd8d17e80c096cb:
DEBUG: ran git fetch --unshallow origin 8e2d91f516cfa7bdb67b1a2e73df3e9941facbf3: 7126ea0b3bb6d9ba56aa6921cbd8d17e80c096cb: in 
DEBUG: LC_ALL=C JX_LOG_LEVEL=error git branch
DEBUG: JX_LOG_LEVEL=error LC_ALL=C git checkout master
DEBUG: ran git checkout master in 
DEBUG: LC_ALL=C JX_LOG_LEVEL=error git reset --hard 7126ea0b3bb6d9ba56aa6921cbd8d17e80c096cb
DEBUG: ran git reset --hard 7126ea0b3bb6d9ba56aa6921cbd8d17e80c096cb in 
DEBUG: LC_ALL=C JX_LOG_LEVEL=error git clean -fd .
DEBUG: ran clean --force -d . in 
DEBUG: LC_ALL=C JX_LOG_LEVEL=error git merge 8e2d91f516cfa7bdb67b1a2e73df3e9941facbf3
DEBUG: ran git merge 8e2d91f516cfa7bdb67b1a2e73df3e9941facbf3 in 
DEBUG: LC_ALL=C JX_LOG_LEVEL=error git log --format=%H%x1f%an%x1f%ae%x1f%cn%x1f%ce%x1f%s%n%b%x1e 7126ea0b3bb6d9ba56aa6921cbd8d17e80c096cb..HEAD
Merged SHA 8e2d91f516cfa7bdb67b1a2e73df3e9941facbf3 with commit message 'Add app flagger 0.22.0' into base branch master

Showing logs for build [32mjstrachan-boot-helmfile-poc-pr-fhnv7-1[0m stage [32mpr-checks[0m and container [32mstep-verify-parameters[0m
/bin/sh: line 0: cd: /workspace/source/env: No such file or directory
[31m
Pipeline failed on stage 'pr-checks' : container 'step-verify-parameters'. The execution of the pipeline has stopped.[0m
