
Showing logs for build [32mmeta-jstrachan-boot-helmfile-po-h9bbq-1[0m stage [32mmeta-pipeline[0m and container [32mstep-credential-initializer-9qz42[0m
{"level":"warn","ts":1580232673.8580034,"logger":"fallback-logger","caller":"logging/config.go:69","msg":"Fetch GitHub commit ID from kodata failed: \"ref: refs/heads/0.8.0-**-support-backwards-incompats\" is not a valid GitHub commit ID"}
{"level":"info","ts":1580232673.8585186,"logger":"fallback-logger","caller":"creds-init/main.go:40","msg":"Credentials initialized."}

Showing logs for build [32mmeta-jstrachan-boot-helmfile-po-h9bbq-1[0m stage [32mmeta-pipeline[0m and container [32mstep-working-dir-initializer-bx2z8[0m
{"level":"warn","ts":1580232675.9788268,"logger":"fallback-logger","caller":"logging/config.go:69","msg":"Fetch GitHub commit ID from kodata failed: open /var/run/ko/HEAD: no such file or directory"}
{"level":"info","ts":1580232675.9802825,"logger":"fallback-logger","caller":"bash/main.go:64","msg":"Successfully executed command \"sh -c mkdir -p /workspace/source\"; output "}

Showing logs for build [32mmeta-jstrachan-boot-helmfile-po-h9bbq-1[0m stage [32mmeta-pipeline[0m and container [32mstep-place-tools[0m

Showing logs for build [32mmeta-jstrachan-boot-helmfile-po-h9bbq-1[0m stage [32mmeta-pipeline[0m and container [32mstep-git-source-meta-jstrachan-boot-helmfile-po-h9bbq-fmb2g[0m
{"level":"warn","ts":1580232775.3217402,"logger":"fallback-logger","caller":"logging/config.go:69","msg":"Fetch GitHub commit ID from kodata failed: \"ref: refs/heads/0.8.0-**-support-backwards-incompats\" is not a valid GitHub commit ID"}
{"level":"info","ts":1580232775.9965777,"logger":"fallback-logger","caller":"git/git.go:103","msg":"Successfully cloned https://github.com/*********/boot-helmfile-poc.git @ e3d356488cdf5327670e62dcfb0d0a750a9e0218 in path /workspace/source"}

Showing logs for build [32mmeta-jstrachan-boot-helmfile-po-h9bbq-1[0m stage [32mmeta-pipeline[0m and container [32mstep-git-merge[0m
Using SHAs from PULL_REFS=master:e3d356488cdf5327670e62dcfb0d0a750a9e0218,1:ee43dcc3fda04c4b2264b8336fae3594e883f43f
DEBUG: ran git fetch --unshallow origin ee43dcc3fda04c4b2264b8336fae3594e883f43f: e3d356488cdf5327670e62dcfb0d0a750a9e0218: in 
DEBUG: ran git checkout master in 
DEBUG: ran git reset --hard e3d356488cdf5327670e62dcfb0d0a750a9e0218 in 
DEBUG: ran clean --force -d . in 
DEBUG: ran git merge ee43dcc3fda04c4b2264b8336fae3594e883f43f in 
Merged SHA ee43dcc3fda04c4b2264b8336fae3594e883f43f with commit message 'chore(deps): bump https://github.com/*********/nodey410.git' into base branch master

Showing logs for build [32mmeta-jstrachan-boot-helmfile-po-h9bbq-1[0m stage [32mmeta-pipeline[0m and container [32mstep-merge-pull-refs[0m
DEBUG: ran git fetch origin ee43dcc3fda04c4b2264b8336fae3594e883f43f: e3d356488cdf5327670e62dcfb0d0a750a9e0218: in 
DEBUG: Unshallowed git repo in 
DEBUG: ran git checkout master in 
DEBUG: ran git reset --hard e3d356488cdf5327670e62dcfb0d0a750a9e0218 in 
DEBUG: ran clean --force -d . in 
DEBUG: ran git merge ee43dcc3fda04c4b2264b8336fae3594e883f43f in 
Merged SHA ee43dcc3fda04c4b2264b8336fae3594e883f43f with commit message 'chore(deps): bump https://github.com/*********/nodey410.git' into base branch master

Showing logs for build [32mmeta-jstrachan-boot-helmfile-po-h9bbq-1[0m stage [32mmeta-pipeline[0m and container [32mstep-create-effective-pipeline[0m
performing pack detection in folder /workspace/source
--> Draft detected YAML (51.458782%)
--> Could not find a pack for YAML. Trying to find the next likely language match...
--> Draft detected Liquid (28.092161%)
--> Could not find a pack for Liquid. Trying to find the next likely language match...
--> Draft detected Coq (10.012401%)
--> Could not find a pack for Coq. Trying to find the next likely language match...
--> Draft detected SaltStack (5.332550%)
--> Could not find a pack for SaltStack. Trying to find the next likely language match...
--> Draft detected OCaml (2.676066%)
--> Could not find a pack for OCaml. Trying to find the next likely language match...
--> Draft detected GCC Machine Description (1.331506%)
--> Could not find a pack for GCC Machine Description. Trying to find the next likely language match...
--> Draft detected Shell (1.096534%)
--> Could not find a pack for Shell. Trying to find the next likely language match...
error: failed to discover the build pack: failed to discover task pack in dir /workspace/source: there was an error detecting the language using packs from /builder/home/.**/draft/packs/github.com/jenkins-x-buildpacks/jenkins-x-kubernetes/packs
[31m
Pipeline failed on stage 'meta-pipeline' : container 'step-create-effective-pipeline'. The execution of the pipeline has stopped.[0m
