
Showing logs for build [32mjstrachan-boot-helmfile-poc-pr-dsblg-1[0m stage [32mpr-checks[0m and container [32mstep-credential-initializer-hbx2t[0m
{"level":"warn","ts":1580379824.8259017,"logger":"fallback-logger","caller":"logging/config.go:69","msg":"Fetch GitHub commit ID from kodata failed: \"ref: refs/heads/0.8.0-**-support-backwards-incompats\" is not a valid GitHub commit ID"}
{"level":"info","ts":1580379824.8269713,"logger":"fallback-logger","caller":"creds-init/main.go:40","msg":"Credentials initialized."}

Showing logs for build [32mjstrachan-boot-helmfile-poc-pr-dsblg-1[0m stage [32mpr-checks[0m and container [32mstep-working-dir-initializer-wrfmh[0m
{"level":"warn","ts":1580379825.5507383,"logger":"fallback-logger","caller":"logging/config.go:69","msg":"Fetch GitHub commit ID from kodata failed: open /var/run/ko/HEAD: no such file or directory"}
{"level":"info","ts":1580379825.5522575,"logger":"fallback-logger","caller":"bash/main.go:64","msg":"Successfully executed command \"sh -c mkdir -p /workspace/source\"; output "}

Showing logs for build [32mjstrachan-boot-helmfile-poc-pr-dsblg-1[0m stage [32mpr-checks[0m and container [32mstep-place-tools[0m

Showing logs for build [32mjstrachan-boot-helmfile-poc-pr-dsblg-1[0m stage [32mpr-checks[0m and container [32mstep-git-source-jstrachan-boot-helmfile-poc-pr-dsblg-cpgr4[0m
{"level":"warn","ts":1580379831.7876263,"logger":"fallback-logger","caller":"logging/config.go:69","msg":"Fetch GitHub commit ID from kodata failed: \"ref: refs/heads/0.8.0-**-support-backwards-incompats\" is not a valid GitHub commit ID"}
{"level":"info","ts":1580379833.0236387,"logger":"fallback-logger","caller":"git/git.go:103","msg":"Successfully cloned https://github.com/*********/boot-helmfile-poc.git @ master in path /workspace/source"}

Showing logs for build [32mjstrachan-boot-helmfile-poc-pr-dsblg-1[0m stage [32mpr-checks[0m and container [32mstep-git-merge[0m
Using SHAs from PULL_REFS=master:a9988104ef7201d898c285c3c536544ff44ea81f,6:721fd863154c27eadd923628ab96c45fb9fa6363
DEBUG: LC_ALL=C JX_LOG_LEVEL=error git fetch origin --unshallow 721fd863154c27eadd923628ab96c45fb9fa6363: a9988104ef7201d898c285c3c536544ff44ea81f:
DEBUG: ran git fetch --unshallow origin 721fd863154c27eadd923628ab96c45fb9fa6363: a9988104ef7201d898c285c3c536544ff44ea81f: in 
DEBUG: LC_ALL=C JX_LOG_LEVEL=error git branch
DEBUG: LC_ALL=C JX_LOG_LEVEL=error git checkout master
DEBUG: ran git checkout master in 
DEBUG: JX_LOG_LEVEL=error LC_ALL=C git reset --hard a9988104ef7201d898c285c3c536544ff44ea81f
DEBUG: ran git reset --hard a9988104ef7201d898c285c3c536544ff44ea81f in 
DEBUG: LC_ALL=C JX_LOG_LEVEL=error git clean -fd .
DEBUG: ran clean --force -d . in 
DEBUG: JX_LOG_LEVEL=error LC_ALL=C git merge 721fd863154c27eadd923628ab96c45fb9fa6363
DEBUG: ran git merge 721fd863154c27eadd923628ab96c45fb9fa6363 in 
DEBUG: LC_ALL=C JX_LOG_LEVEL=error git log --format=%H%x1f%an%x1f%ae%x1f%cn%x1f%ce%x1f%s%n%b%x1e a9988104ef7201d898c285c3c536544ff44ea81f..HEAD
Merged SHA 721fd863154c27eadd923628ab96c45fb9fa6363 with commit message 'Add app cert-manager v0.13.0' into base branch master

Showing logs for build [32mjstrachan-boot-helmfile-poc-pr-dsblg-1[0m stage [32mpr-checks[0m and container [32mstep-verify-parameters[0m
/bin/sh: line 0: cd: /workspace/source/env: No such file or directory
[31m
Pipeline failed on stage 'pr-checks' : container 'step-verify-parameters'. The execution of the pipeline has stopped.[0m
